[debug] [2022-11-24T22:00:00.084Z] ----------------------------------------------------------------------
[debug] [2022-11-24T22:00:00.095Z] Command:       C:\Program Files\nodejs\node.exe C:\Users\Luci\AppData\Roaming\npm\node_modules\firebase-tools\lib\bin\firebase.js init
[debug] [2022-11-24T22:00:00.096Z] CLI Version:   11.15.0
[debug] [2022-11-24T22:00:00.096Z] Platform:      win32
[debug] [2022-11-24T22:00:00.097Z] Node Version:  v16.17.0
[debug] [2022-11-24T22:00:00.098Z] Time:          Thu Nov 24 2022 19:00:00 GMT-0300 (Horário Padrão de Brasília)
[debug] [2022-11-24T22:00:00.099Z] ----------------------------------------------------------------------
[debug] 
[debug] [2022-11-24T22:00:00.112Z] >>> [apiv2][query] GET https://firebase-public.firebaseio.com/cli.json [none]
[debug] [2022-11-24T22:00:00.198Z] > command requires scopes: ["email","openid","https://www.googleapis.com/auth/cloudplatformprojects.readonly","https://www.googleapis.com/auth/firebase","https://www.googleapis.com/auth/cloud-platform"]
[debug] [2022-11-24T22:00:00.199Z] > authorizing via signed-in user (luciara.abreu@gmail.com)
[info] 
     ######## #### ########  ######## ########     ###     ######  ########
     ##        ##  ##     ## ##       ##     ##  ##   ##  ##       ##
     ######    ##  ########  ######   ########  #########  ######  ######
     ##        ##  ##    ##  ##       ##     ## ##     ##       ## ##
     ##       #### ##     ## ######## ########  ##     ##  ######  ########

You're about to initialize a Firebase project in this directory:

  C:\_PROJETOS\Projeto_Agenda_Aniversariantes\API

Before we get started, keep in mind:

  * You are currently outside your home directory

[debug] [2022-11-24T22:00:00.808Z] <<< [apiv2][status] GET https://firebase-public.firebaseio.com/cli.json 200
[debug] [2022-11-24T22:00:00.810Z] <<< [apiv2][body] GET https://firebase-public.firebaseio.com/cli.json {"cloudBuildErrorAfter":1594252800000,"cloudBuildWarnAfter":1590019200000,"defaultNode10After":1594252800000,"minVersion":"3.0.5","node8DeploysDisabledAfter":1613390400000,"node8RuntimeDisabledAfter":1615809600000,"node8WarnAfter":1600128000000}
[info] 
=== Project Setup
[info] 
[info] First, let's associate this project directory with a Firebase project.
[info] You can create multiple project aliases by running firebase use --add, 
[info] but for now we'll just set up a default project.
[info] 
[debug] [2022-11-24T22:00:36.697Z] > refreshing access token with scopes: []
[debug] [2022-11-24T22:00:36.701Z] >>> [apiv2][query] POST https://www.googleapis.com/oauth2/v3/token [none]
[debug] [2022-11-24T22:00:36.707Z] >>> [apiv2][body] POST https://www.googleapis.com/oauth2/v3/token [omitted]
[debug] [2022-11-24T22:00:36.933Z] <<< [apiv2][status] POST https://www.googleapis.com/oauth2/v3/token 200
[debug] [2022-11-24T22:00:36.933Z] <<< [apiv2][body] POST https://www.googleapis.com/oauth2/v3/token [omitted]
[debug] [2022-11-24T22:00:36.957Z] >>> [apiv2][query] GET https://firebase.googleapis.com/v1beta1/projects pageSize=100
[debug] [2022-11-24T22:00:37.709Z] <<< [apiv2][status] GET https://firebase.googleapis.com/v1beta1/projects 200
[debug] [2022-11-24T22:00:37.710Z] <<< [apiv2][body] GET https://firebase.googleapis.com/v1beta1/projects [omitted]
[info] i  Using project agenda-aniversariantes-51185 (Agenda Aniversariantes) 
[info] 
=== Firestore Setup
[debug] [2022-11-24T22:00:42.250Z] >>> [apiv2][query] GET https://serviceusage.googleapis.com/v1/projects/agenda-aniversariantes-51185/services/firestore.googleapis.com [none]
[debug] [2022-11-24T22:00:42.250Z] >>> [apiv2][(partial)header] GET https://serviceusage.googleapis.com/v1/projects/agenda-aniversariantes-51185/services/firestore.googleapis.com x-goog-quota-user=projects/agenda-aniversariantes-51185
[debug] [2022-11-24T22:00:43.403Z] <<< [apiv2][status] GET https://serviceusage.googleapis.com/v1/projects/agenda-aniversariantes-51185/services/firestore.googleapis.com 200
[debug] [2022-11-24T22:00:43.403Z] <<< [apiv2][body] GET https://serviceusage.googleapis.com/v1/projects/agenda-aniversariantes-51185/services/firestore.googleapis.com [omitted]
[debug] [2022-11-24T22:00:43.406Z] >>> [apiv2][query] GET https://appengine.googleapis.com/v1/apps/agenda-aniversariantes-51185 [none]
[debug] [2022-11-24T22:00:43.801Z] <<< [apiv2][status] GET https://appengine.googleapis.com/v1/apps/agenda-aniversariantes-51185 200
[debug] [2022-11-24T22:00:43.801Z] <<< [apiv2][body] GET https://appengine.googleapis.com/v1/apps/agenda-aniversariantes-51185 {"name":"apps/agenda-aniversariantes-51185","id":"agenda-aniversariantes-51185","authDomain":"gmail.com","locationId":"southamerica-east1","codeBucket":"staging.agenda-aniversariantes-51185.appspot.com","servingStatus":"SERVING","defaultHostname":"agenda-aniversariantes-51185.rj.r.appspot.com","defaultBucket":"agenda-aniversariantes-51185.appspot.com","serviceAccount":"agenda-aniversariantes-51185@appspot.gserviceaccount.com","gcrDomain":"us.gcr.io","databaseType":"CLOUD_FIRESTORE","featureSettings":{"splitHealthChecks":true,"useContainerOptimizedOs":true}}
[debug] [2022-11-24T22:00:43.801Z] database_type: CLOUD_FIRESTORE
[debug] [2022-11-24T22:00:43.802Z] > command requires scopes: ["email","openid","https://www.googleapis.com/auth/cloudplatformprojects.readonly","https://www.googleapis.com/auth/firebase","https://www.googleapis.com/auth/cloud-platform"]
[debug] [2022-11-24T22:00:43.802Z] > authorizing via signed-in user (luciara.abreu@gmail.com)
[debug] [2022-11-24T22:00:43.802Z] [iam] checking project agenda-aniversariantes-51185 for permissions ["firebase.projects.get"]
[debug] [2022-11-24T22:00:43.803Z] >>> [apiv2][query] POST https://cloudresourcemanager.googleapis.com/v1/projects/agenda-aniversariantes-51185:testIamPermissions [none]
[debug] [2022-11-24T22:00:43.803Z] >>> [apiv2][(partial)header] POST https://cloudresourcemanager.googleapis.com/v1/projects/agenda-aniversariantes-51185:testIamPermissions x-goog-quota-user=projects/agenda-aniversariantes-51185
[debug] [2022-11-24T22:00:43.803Z] >>> [apiv2][body] POST https://cloudresourcemanager.googleapis.com/v1/projects/agenda-aniversariantes-51185:testIamPermissions {"permissions":["firebase.projects.get"]}
[debug] [2022-11-24T22:00:44.765Z] <<< [apiv2][status] POST https://cloudresourcemanager.googleapis.com/v1/projects/agenda-aniversariantes-51185:testIamPermissions 200
[debug] [2022-11-24T22:00:44.765Z] <<< [apiv2][body] POST https://cloudresourcemanager.googleapis.com/v1/projects/agenda-aniversariantes-51185:testIamPermissions {"permissions":["firebase.projects.get"]}
[info] 
[info] Firestore Security Rules allow you to define how and when to allow
[info] requests. You can keep these rules in your project directory
[info] and publish them with firebase deploy.
[info] 
[debug] [2022-11-25T15:50:49.574Z] ----------------------------------------------------------------------
[debug] [2022-11-25T15:50:49.580Z] Command:       C:\Program Files\nodejs\node.exe C:\Users\Luci\AppData\Roaming\npm\node_modules\firebase-tools\lib\bin\firebase.js init
[debug] [2022-11-25T15:50:49.581Z] CLI Version:   11.15.0
[debug] [2022-11-25T15:50:49.581Z] Platform:      win32
[debug] [2022-11-25T15:50:49.581Z] Node Version:  v16.17.0
[debug] [2022-11-25T15:50:49.583Z] Time:          Fri Nov 25 2022 12:50:49 GMT-0300 (Horário Padrão de Brasília)
[debug] [2022-11-25T15:50:49.584Z] ----------------------------------------------------------------------
[debug] 
[debug] [2022-11-25T15:50:49.601Z] > command requires scopes: ["email","openid","https://www.googleapis.com/auth/cloudplatformprojects.readonly","https://www.googleapis.com/auth/firebase","https://www.googleapis.com/auth/cloud-platform"]
[debug] [2022-11-25T15:50:49.603Z] > authorizing via signed-in user (luciara.abreu@gmail.com)
[info] 
     ######## #### ########  ######## ########     ###     ######  ########
     ##        ##  ##     ## ##       ##     ##  ##   ##  ##       ##
     ######    ##  ########  ######   ########  #########  ######  ######
     ##        ##  ##    ##  ##       ##     ## ##     ##       ## ##
     ##       #### ##     ## ######## ########  ##     ##  ######  ########

You're about to initialize a Firebase project in this directory:

  C:\_PROJETOS\Projeto_Agenda_Aniversariantes\API

Before we get started, keep in mind:

  * You are currently outside your home directory

[info] 
=== Project Setup
[info] 
[info] First, let's associate this project directory with a Firebase project.
[info] You can create multiple project aliases by running firebase use --add, 
[info] but for now we'll just set up a default project.
[info] 
[debug] [2022-11-25T15:51:13.358Z] > refreshing access token with scopes: []
[debug] [2022-11-25T15:51:13.366Z] >>> [apiv2][query] POST https://www.googleapis.com/oauth2/v3/token [none]
[debug] [2022-11-25T15:51:13.367Z] >>> [apiv2][body] POST https://www.googleapis.com/oauth2/v3/token [omitted]
[debug] [2022-11-25T15:51:13.643Z] <<< [apiv2][status] POST https://www.googleapis.com/oauth2/v3/token 200
[debug] [2022-11-25T15:51:13.644Z] <<< [apiv2][body] POST https://www.googleapis.com/oauth2/v3/token [omitted]
[debug] [2022-11-25T15:51:13.658Z] >>> [apiv2][query] GET https://firebase.googleapis.com/v1beta1/projects pageSize=100
[debug] [2022-11-25T15:51:14.306Z] <<< [apiv2][status] GET https://firebase.googleapis.com/v1beta1/projects 200
[debug] [2022-11-25T15:51:14.307Z] <<< [apiv2][body] GET https://firebase.googleapis.com/v1beta1/projects [omitted]
[info] i  Using project agenda-aniversariantes-51185 (Agenda Aniversariantes) 
[info] 
=== Firestore Setup
[debug] [2022-11-25T15:51:16.085Z] >>> [apiv2][query] GET https://serviceusage.googleapis.com/v1/projects/agenda-aniversariantes-51185/services/firestore.googleapis.com [none]
[debug] [2022-11-25T15:51:16.085Z] >>> [apiv2][(partial)header] GET https://serviceusage.googleapis.com/v1/projects/agenda-aniversariantes-51185/services/firestore.googleapis.com x-goog-quota-user=projects/agenda-aniversariantes-51185
[debug] [2022-11-25T15:51:17.170Z] <<< [apiv2][status] GET https://serviceusage.googleapis.com/v1/projects/agenda-aniversariantes-51185/services/firestore.googleapis.com 200
[debug] [2022-11-25T15:51:17.171Z] <<< [apiv2][body] GET https://serviceusage.googleapis.com/v1/projects/agenda-aniversariantes-51185/services/firestore.googleapis.com [omitted]
[debug] [2022-11-25T15:51:17.171Z] >>> [apiv2][query] GET https://appengine.googleapis.com/v1/apps/agenda-aniversariantes-51185 [none]
[debug] [2022-11-25T15:51:17.534Z] <<< [apiv2][status] GET https://appengine.googleapis.com/v1/apps/agenda-aniversariantes-51185 200
[debug] [2022-11-25T15:51:17.535Z] <<< [apiv2][body] GET https://appengine.googleapis.com/v1/apps/agenda-aniversariantes-51185 {"name":"apps/agenda-aniversariantes-51185","id":"agenda-aniversariantes-51185","authDomain":"gmail.com","locationId":"southamerica-east1","codeBucket":"staging.agenda-aniversariantes-51185.appspot.com","servingStatus":"SERVING","defaultHostname":"agenda-aniversariantes-51185.rj.r.appspot.com","defaultBucket":"agenda-aniversariantes-51185.appspot.com","serviceAccount":"agenda-aniversariantes-51185@appspot.gserviceaccount.com","gcrDomain":"us.gcr.io","databaseType":"CLOUD_FIRESTORE","featureSettings":{"splitHealthChecks":true,"useContainerOptimizedOs":true}}
[debug] [2022-11-25T15:51:17.535Z] database_type: CLOUD_FIRESTORE
[debug] [2022-11-25T15:51:17.536Z] > command requires scopes: ["email","openid","https://www.googleapis.com/auth/cloudplatformprojects.readonly","https://www.googleapis.com/auth/firebase","https://www.googleapis.com/auth/cloud-platform"]
[debug] [2022-11-25T15:51:17.537Z] > authorizing via signed-in user (luciara.abreu@gmail.com)
[debug] [2022-11-25T15:51:17.537Z] [iam] checking project agenda-aniversariantes-51185 for permissions ["firebase.projects.get"]
[debug] [2022-11-25T15:51:17.539Z] >>> [apiv2][query] POST https://cloudresourcemanager.googleapis.com/v1/projects/agenda-aniversariantes-51185:testIamPermissions [none]
[debug] [2022-11-25T15:51:17.540Z] >>> [apiv2][(partial)header] POST https://cloudresourcemanager.googleapis.com/v1/projects/agenda-aniversariantes-51185:testIamPermissions x-goog-quota-user=projects/agenda-aniversariantes-51185
[debug] [2022-11-25T15:51:17.540Z] >>> [apiv2][body] POST https://cloudresourcemanager.googleapis.com/v1/projects/agenda-aniversariantes-51185:testIamPermissions {"permissions":["firebase.projects.get"]}
[debug] [2022-11-25T15:51:18.415Z] <<< [apiv2][status] POST https://cloudresourcemanager.googleapis.com/v1/projects/agenda-aniversariantes-51185:testIamPermissions 200
[debug] [2022-11-25T15:51:18.416Z] <<< [apiv2][body] POST https://cloudresourcemanager.googleapis.com/v1/projects/agenda-aniversariantes-51185:testIamPermissions {"permissions":["firebase.projects.get"]}
[info] 
[info] Firestore Security Rules allow you to define how and when to allow
[info] requests. You can keep these rules in your project directory
[info] and publish them with firebase deploy.
[info] 
[debug] [2022-11-25T15:51:29.291Z] >>> [apiv2][query] GET https://firebaserules.googleapis.com/v1/projects/agenda-aniversariantes-51185/releases pageSize=10&pageToken=
[debug] [2022-11-25T15:51:30.406Z] <<< [apiv2][status] GET https://firebaserules.googleapis.com/v1/projects/agenda-aniversariantes-51185/releases 200
[debug] [2022-11-25T15:51:30.407Z] <<< [apiv2][body] GET https://firebaserules.googleapis.com/v1/projects/agenda-aniversariantes-51185/releases {"releases":[{"name":"projects/agenda-aniversariantes-51185/releases/cloud.firestore","rulesetName":"projects/agenda-aniversariantes-51185/rulesets/4381635e-7704-4187-b1ee-6aa44a51f578","createTime":"2022-10-31T21:10:59.125358Z","updateTime":"2022-11-09T00:51:03.764602Z"}]}
[debug] [2022-11-25T15:51:30.407Z] Found ruleset: projects/agenda-aniversariantes-51185/rulesets/4381635e-7704-4187-b1ee-6aa44a51f578
[debug] [2022-11-25T15:51:30.409Z] >>> [apiv2][query] GET https://firebaserules.googleapis.com/v1/projects/agenda-aniversariantes-51185/rulesets/4381635e-7704-4187-b1ee-6aa44a51f578 [none]
[debug] [2022-11-25T15:51:31.372Z] <<< [apiv2][status] GET https://firebaserules.googleapis.com/v1/projects/agenda-aniversariantes-51185/rulesets/4381635e-7704-4187-b1ee-6aa44a51f578 200
[debug] [2022-11-25T15:51:31.372Z] <<< [apiv2][body] GET https://firebaserules.googleapis.com/v1/projects/agenda-aniversariantes-51185/rulesets/4381635e-7704-4187-b1ee-6aa44a51f578 [omitted]
[info] 
[info] Firestore indexes allow you to perform complex queries while
[info] maintaining performance that scales with the size of the result
[info] set. You can keep index definitions in your project directory
[info] and publish them with firebase deploy.
[info] 
[debug] [2022-11-25T15:53:52.167Z] ----------------------------------------------------------------------
[debug] [2022-11-25T15:53:52.173Z] Command:       C:\Program Files\nodejs\node.exe C:\Users\Luci\AppData\Roaming\npm\node_modules\firebase-tools\lib\bin\firebase.js init
[debug] [2022-11-25T15:53:52.174Z] CLI Version:   11.15.0
[debug] [2022-11-25T15:53:52.175Z] Platform:      win32
[debug] [2022-11-25T15:53:52.175Z] Node Version:  v16.17.0
[debug] [2022-11-25T15:53:52.179Z] Time:          Fri Nov 25 2022 12:53:52 GMT-0300 (Horário Padrão de Brasília)
[debug] [2022-11-25T15:53:52.180Z] ----------------------------------------------------------------------
[debug] 
[debug] [2022-11-25T15:53:52.202Z] > command requires scopes: ["email","openid","https://www.googleapis.com/auth/cloudplatformprojects.readonly","https://www.googleapis.com/auth/firebase","https://www.googleapis.com/auth/cloud-platform"]
[debug] [2022-11-25T15:53:52.204Z] > authorizing via signed-in user (luciara.abreu@gmail.com)
[info] 
     ######## #### ########  ######## ########     ###     ######  ########
     ##        ##  ##     ## ##       ##     ##  ##   ##  ##       ##
     ######    ##  ########  ######   ########  #########  ######  ######
     ##        ##  ##    ##  ##       ##     ## ##     ##       ## ##
     ##       #### ##     ## ######## ########  ##     ##  ######  ########

You're about to initialize a Firebase project in this directory:

  C:\_PROJETOS\Projeto_Agenda_Aniversariantes\API

Before we get started, keep in mind:

  * You are currently outside your home directory

